{"level":"info","message":"Server running on port 3001","service":"subscription-manager","timestamp":"2025-08-14T05:00:58.974Z"}
{"level":"info","message":"Server running on port 3001","service":"subscription-manager","timestamp":"2025-08-14T05:10:26.979Z"}
{"level":"info","message":"Server running on port 3001","service":"subscription-manager","timestamp":"2025-08-14T05:11:10.331Z"}
{"level":"error","message":"Registration error: SASL: SCRAM-SERVER-FIRST-MESSAGE: client password must be a string","service":"subscription-manager","stack":"Error: SASL: SCRAM-SERVER-FIRST-MESSAGE: client password must be a string\n    at C:\\Users\\GYANAMAL\\Desktop\\Subscription_Manager_project\\backend\\node_modules\\pg-pool\\index.js:45:11\n    at process.processTicksAndRejections (node:internal/process/task_queues:95:5)\n    at async User.findByEmail (C:\\Users\\GYANAMAL\\Desktop\\Subscription_Manager_project\\backend\\models\\User.js:21:20)\n    at async register (C:\\Users\\GYANAMAL\\Desktop\\Subscription_Manager_project\\backend\\controllers\\authController.js:27:26)","timestamp":"2025-08-14T05:11:55.336Z"}
{"level":"info","message":"Server running on port 3001","service":"subscription-manager","timestamp":"2025-08-14T05:12:26.907Z"}
{"level":"error","message":"Registration error: SASL: SCRAM-SERVER-FIRST-MESSAGE: client password must be a string","service":"subscription-manager","stack":"Error: SASL: SCRAM-SERVER-FIRST-MESSAGE: client password must be a string\n    at C:\\Users\\GYANAMAL\\Desktop\\Subscription_Manager_project\\backend\\node_modules\\pg-pool\\index.js:45:11\n    at process.processTicksAndRejections (node:internal/process/task_queues:95:5)\n    at async User.findByEmail (C:\\Users\\GYANAMAL\\Desktop\\Subscription_Manager_project\\backend\\models\\User.js:21:20)\n    at async register (C:\\Users\\GYANAMAL\\Desktop\\Subscription_Manager_project\\backend\\controllers\\authController.js:27:26)","timestamp":"2025-08-14T05:16:00.165Z"}
{"level":"info","message":"Server running on port 3001","service":"subscription-manager","timestamp":"2025-08-14T05:16:34.111Z"}
{"level":"info","message":"Server running on port 3001","service":"subscription-manager","timestamp":"2025-08-14T05:16:38.060Z"}
{"level":"info","message":"Server running on port 3001","service":"subscription-manager","timestamp":"2025-08-14T05:17:28.208Z"}
{"level":"error","message":"Registration error: SASL: SCRAM-SERVER-FIRST-MESSAGE: client password must be a string","service":"subscription-manager","stack":"Error: SASL: SCRAM-SERVER-FIRST-MESSAGE: client password must be a string\n    at C:\\Users\\GYANAMAL\\Desktop\\Subscription_Manager_project\\backend\\node_modules\\pg-pool\\index.js:45:11\n    at process.processTicksAndRejections (node:internal/process/task_queues:95:5)\n    at async User.findByEmail (C:\\Users\\GYANAMAL\\Desktop\\Subscription_Manager_project\\backend\\models\\User.js:22:22)\n    at async register (C:\\Users\\GYANAMAL\\Desktop\\Subscription_Manager_project\\backend\\controllers\\authController.js:32:26)","timestamp":"2025-08-14T05:19:32.322Z"}
{"level":"info","message":"Server running on port 3001","service":"subscription-manager","timestamp":"2025-08-14T05:19:56.618Z"}
{"level":"info","message":"Server running on port 3001","service":"subscription-manager","timestamp":"2025-08-14T05:21:01.437Z"}
{"code":"28P01","file":"auth.c","length":104,"level":"error","line":"324","message":"Registration error: password authentication failed for user \"gyanamal\"","name":"error","routine":"auth_failed","service":"subscription-manager","severity":"FATAL","stack":"error: password authentication failed for user \"gyanamal\"\n    at C:\\Users\\GYANAMAL\\Desktop\\Subscription_Manager_project\\backend\\node_modules\\pg-pool\\index.js:45:11\n    at process.processTicksAndRejections (node:internal/process/task_queues:95:5)\n    at async User.findByEmail (C:\\Users\\GYANAMAL\\Desktop\\Subscription_Manager_project\\backend\\models\\User.js:22:22)\n    at async register (C:\\Users\\GYANAMAL\\Desktop\\Subscription_Manager_project\\backend\\controllers\\authController.js:32:26)","timestamp":"2025-08-14T05:22:26.028Z"}
{"level":"info","message":"Server running on port 3001","service":"subscription-manager","timestamp":"2025-08-14T05:24:20.169Z"}
{"code":"28P01","file":"auth.c","length":104,"level":"error","line":"324","message":"Registration error: password authentication failed for user \"gyanamal\"","name":"error","routine":"auth_failed","service":"subscription-manager","severity":"FATAL","stack":"error: password authentication failed for user \"gyanamal\"\n    at C:\\Users\\GYANAMAL\\Desktop\\Subscription_Manager_project\\backend\\node_modules\\pg-pool\\index.js:45:11\n    at process.processTicksAndRejections (node:internal/process/task_queues:95:5)\n    at async User.findByEmail (C:\\Users\\GYANAMAL\\Desktop\\Subscription_Manager_project\\backend\\models\\User.js:22:22)\n    at async register (C:\\Users\\GYANAMAL\\Desktop\\Subscription_Manager_project\\backend\\controllers\\authController.js:32:26)","timestamp":"2025-08-14T05:25:35.482Z"}
{"level":"info","message":"Server running on port 3001","service":"subscription-manager","timestamp":"2025-08-14T05:27:04.381Z"}
{"level":"info","message":"Server running on port 3001","service":"subscription-manager","timestamp":"2025-08-14T05:29:21.382Z"}
{"level":"info","message":"Server running on port 3001","service":"subscription-manager","timestamp":"2025-08-14T05:29:26.930Z"}
{"level":"info","message":"Connected to PostgreSQL database","service":"subscription-manager","timestamp":"2025-08-14T05:30:08.283Z"}
{"level":"info","message":"New user registered: gnanatheja.yanamala@capgemini.com","service":"subscription-manager","timestamp":"2025-08-14T05:30:08.445Z"}
{"level":"info","message":"Connected to PostgreSQL database","service":"subscription-manager","timestamp":"2025-08-14T05:30:33.339Z"}
{"level":"info","message":"Connected to PostgreSQL database","service":"subscription-manager","timestamp":"2025-08-14T05:30:43.912Z"}
{"level":"info","message":"Connected to PostgreSQL database","service":"subscription-manager","timestamp":"2025-08-14T05:31:22.329Z"}
{"level":"info","message":"New user registered: tejagnana727@gmail.com","service":"subscription-manager","timestamp":"2025-08-14T05:31:22.473Z"}
{"level":"info","message":"Connected to PostgreSQL database","service":"subscription-manager","timestamp":"2025-08-14T05:31:42.519Z"}
{"level":"info","message":"User logged in: tejagnana727@gmail.com","service":"subscription-manager","timestamp":"2025-08-14T05:31:42.650Z"}
{"level":"info","message":"Connected to PostgreSQL database","service":"subscription-manager","timestamp":"2025-08-14T05:31:56.445Z"}
{"level":"info","message":"Connected to PostgreSQL database","service":"subscription-manager","timestamp":"2025-08-14T05:32:29.847Z"}
{"level":"info","message":"New subscription created: 3","service":"subscription-manager","timestamp":"2025-08-14T05:32:29.854Z"}
{"level":"info","message":"Server running on port 3001","service":"subscription-manager","timestamp":"2025-08-14T05:33:43.344Z"}
{"level":"info","message":"Connected to PostgreSQL database","service":"subscription-manager","timestamp":"2025-08-14T05:34:08.894Z"}
{"level":"info","message":"Connected to PostgreSQL database","service":"subscription-manager","timestamp":"2025-08-14T05:35:09.467Z"}
{"level":"info","message":"Connected to PostgreSQL database","service":"subscription-manager","timestamp":"2025-08-14T05:35:26.132Z"}
{"level":"info","message":"New subscription created: 4","service":"subscription-manager","timestamp":"2025-08-14T05:35:26.148Z"}
{"level":"info","message":"Server running on port 3001","service":"subscription-manager","timestamp":"2025-08-14T05:37:16.867Z"}
{"level":"info","message":"Server running on port 3001","service":"subscription-manager","timestamp":"2025-08-14T05:37:23.200Z"}
{"level":"info","message":"Connected to PostgreSQL database","service":"subscription-manager","timestamp":"2025-08-14T05:37:57.474Z"}
{"level":"info","message":"Server running on port 3001","service":"subscription-manager","timestamp":"2025-08-14T05:42:48.438Z"}
{"level":"info","message":"Connected to PostgreSQL database","service":"subscription-manager","timestamp":"2025-08-14T05:43:30.501Z"}
